[2024-05-16 13:25:46,468] 25 root - INFO - data ingestion started
[2024-05-16 13:25:54,617] 28 root - INFO -  reading a df
[2024-05-16 13:25:55,376] 32 root - INFO -  i have saved the raw dataset in artifact folder
[2024-05-16 13:25:55,376] 34 root - INFO - here i have performed train test split
[2024-05-16 13:25:55,394] 37 root - INFO - train test split completed
[2024-05-16 13:25:56,365] 42 root - INFO - data ingestion part completed
[2024-05-16 13:25:56,519] 87 root - INFO - read train and test data complete
[2024-05-16 13:25:56,524] 88 root - INFO - Train Dataframe Head : 
       id  carat        cut color clarity  depth  table     x     y     z  price
0   11963   1.34      Ideal     H    VVS1   62.7   56.0  7.04  7.10  4.43  11663
1   39478   0.30  Very Good     D     VS2   62.3   57.0  4.31  4.27  2.67    911
2  184181   2.19    Premium     G     SI2   62.3   60.0  8.29  8.31  5.17  14229
3  143980   0.52      Ideal     E     SI2   61.9   55.0  5.20  5.17  3.21   1246
4   76060   1.00       Good     E     SI1   63.7   59.0  6.34  6.30  4.03   5743
[2024-05-16 13:25:56,527] 89 root - INFO - Test Dataframe Head : 
       id  carat        cut color clarity  depth  table     x     y     z  price
0   34444   0.53      Ideal     E     SI2   61.7   54.0  5.22  5.26  3.23   1207
1  172789   0.71    Premium     D     VS2   62.3   59.0  5.66  5.69  3.53   2760
2  148893   1.12      Ideal     I     VS2   61.0   57.0  6.68  6.73  4.10   5795
3   21264   0.40      Ideal     D     SI1   60.4   57.0  4.76  4.77  2.88    898
4  170908   0.31  Very Good     H      IF   60.9   61.0  4.37  4.40  2.67    686
[2024-05-16 13:25:56,527] 32 root - INFO - Data Transformation initiated
[2024-05-16 13:25:56,527] 43 root - INFO - Pipeline Initiated
[2024-05-16 13:25:56,912] 107 root - INFO - Applying preprocessing object on training and testing datasets.
[2024-05-16 13:25:56,918] 117 root - INFO - preprocessing pickle file saved
[2024-05-16 13:25:56,920] 27 root - INFO - Splitting Dependent and Independent variables from train and test data
[2024-05-16 13:26:03,322] 45 root - INFO - Model Report : {'LinearRegression': 0.9377354782885741, 'Lasso': 0.9377193911302502, 'Ridge': 0.9377348731645341, 'Elasticnet': 0.8559958310711921}
[2024-05-16 13:26:03,327] 58 root - INFO - Best Model Found , Model Name : LinearRegression , R2 Score : 0.9377354782885741
